<?xml version="1.0" encoding="UTF-8"?>
<!-- Generated by org.testng.reporters.JUnitXMLReporter -->
<testsuite hostname="WIN-K344N9L8257" ignored="0" name="Test-Chrome" tests="1" failures="0" timestamp="10 Sep 2018 05:53:19 GMT" time="20.652" errors="0">
  <testcase name="Testing_TC01_Sanity_Test_For_SIGMA_CPQ_Standalone" time="3.562" classname="testScripts.SANITY.TC01_Sanity_Test_For_SIGMA_CPQ_Standalone"/>
</testsuite> <!-- Test-Chrome -->
