<?xml version="1.0" encoding="UTF-8"?>
<!-- Generated by org.testng.reporters.JUnitXMLReporter -->
<testsuite hostname="Dell-PC" ignored="9" name="Test-Chrome" tests="4" failures="3" timestamp="18 Jul 2018 06:08:59 GMT" time="81.839" errors="0">
  <testcase name="runTC_01_Login_FreeCRM" time="22.982" classname="testScripts.FREE_CRM.TC_01_Login_FreeCRM"/>
  <testcase name="runTC_02_Login_FreeCRM_HomePage" time="21.574" classname="testScripts.FREE_CRM.TC_02_Login_FreeCRM_HomePage">
    <failure type="java.lang.AssertionError" message="The following asserts failed:
	expected [true] but found [false]">
      <![CDATA[java.lang.AssertionError: The following asserts failed:
expected [true] but found [false]
at testScripts.FREE_CRM.TC_02_Login_FreeCRM_HomePage.runTC_02_Login_FreeCRM_HomePage(TC_02_Login_FreeCRM_HomePage.java:21)
... Removed 26 stack frames]]>
    </failure>
  </testcase> <!-- runTC_02_Login_FreeCRM_HomePage -->
  <testcase name="runTC_03_Login_Twitter" time="8.41" classname="testScripts.TWITTER.TC_03_Login_Twitter">
    <failure type="java.lang.AssertionError" message="The following asserts failed:
	expected [true] but found [false]">
      <![CDATA[java.lang.AssertionError: The following asserts failed:
expected [true] but found [false]
at testScripts.TWITTER.TC_03_Login_Twitter.runTC_03_Login_Twitter(TC_03_Login_Twitter.java:22)
... Removed 26 stack frames]]>
    </failure>
  </testcase> <!-- runTC_03_Login_Twitter -->
  <testcase name="runTC_04_Login_Twitter_Checking_Headers" time="11.424" classname="testScripts.TWITTER.TC_04_Login_Twitter_Checking_Headers">
    <failure type="java.lang.AssertionError" message="The following asserts failed:
	expected [true] but found [false]">
      <![CDATA[java.lang.AssertionError: The following asserts failed:
expected [true] but found [false]
at testScripts.TWITTER.TC_04_Login_Twitter_Checking_Headers.runTC_04_Login_Twitter_Checking_Headers(TC_04_Login_Twitter_Checking_Headers.java:21)
... Removed 26 stack frames]]>
    </failure>
  </testcase> <!-- runTC_04_Login_Twitter_Checking_Headers -->
  <testcase name="@AfterSuite windUp" time="0.0" classname="supportLiberaries.TestCaseBase">
    <ignored/>
  </testcase> <!-- @AfterSuite windUp -->
  <testcase name="@AfterSuite windUp" time="0.0" classname="supportLiberaries.TestCaseBase">
    <ignored/>
  </testcase> <!-- @AfterSuite windUp -->
  <testcase name="@AfterSuite windUp" time="0.0" classname="supportLiberaries.TestCaseBase">
    <ignored/>
  </testcase> <!-- @AfterSuite windUp -->
  <testcase name="@AfterTest wrapUp" time="0.0" classname="supportLiberaries.TestCaseBase">
    <ignored/>
  </testcase> <!-- @AfterTest wrapUp -->
  <testcase name="@AfterTest wrapUp" time="0.0" classname="supportLiberaries.TestCaseBase">
    <ignored/>
  </testcase> <!-- @AfterTest wrapUp -->
  <testcase name="@AfterTest wrapUp" time="0.0" classname="supportLiberaries.TestCaseBase">
    <ignored/>
  </testcase> <!-- @AfterTest wrapUp -->
  <testcase name="@BeforeSuite initializations" time="0.0" classname="supportLiberaries.TestCaseBase">
    <ignored/>
  </testcase> <!-- @BeforeSuite initializations -->
  <testcase name="@BeforeSuite initializations" time="0.0" classname="supportLiberaries.TestCaseBase">
    <ignored/>
  </testcase> <!-- @BeforeSuite initializations -->
  <testcase name="@BeforeSuite initializations" time="0.0" classname="supportLiberaries.TestCaseBase">
    <ignored/>
  </testcase> <!-- @BeforeSuite initializations -->
</testsuite> <!-- Test-Chrome -->
