<?xml version="1.0" encoding="UTF-8"?>
<!-- Generated by org.testng.reporters.JUnitXMLReporter -->
<testsuite hostname="WIN-K344N9L8257" ignored="8" name="Test-Chrome" tests="3" failures="0" timestamp="31 Aug 2018 07:18:44 GMT" time="82.941" errors="0">
  <testcase name="Testing_TC01_Sanity_Test_For_SIGMA_CPQ_Standalone" time="18.007" classname="testScripts.SANITY.TC01_Sanity_Test_For_SIGMA_CPQ_Standalone"/>
  <testcase name="Testing_TC14_Sanity_Test_For_NOKIA_PnA_Instant_Link" time="28.489" classname="testScripts.SANITY.TC14_Sanity_Test_For_NOKIA_PnA_Instant_Link"/>
  <testcase name="Testing_TC17_Sanity_Test_For_NOKIA_Service_Catalogue" time="3.075" classname="testScripts.SANITY.TC17_Sanity_Test_For_NOKIA_Service_Catalogue"/>
  <testcase name="@AfterSuite windUp" time="0.0" classname="supportLiberaries.TestCaseBase">
    <ignored/>
  </testcase> <!-- @AfterSuite windUp -->
  <testcase name="@AfterSuite windUp" time="0.0" classname="supportLiberaries.TestCaseBase">
    <ignored/>
  </testcase> <!-- @AfterSuite windUp -->
  <testcase name="@AfterTest wrapUp" time="0.0" classname="supportLiberaries.TestCaseBase">
    <ignored/>
  </testcase> <!-- @AfterTest wrapUp -->
  <testcase name="@AfterTest wrapUp" time="0.0" classname="supportLiberaries.TestCaseBase">
    <ignored/>
  </testcase> <!-- @AfterTest wrapUp -->
  <testcase name="@BeforeSuite reportInitializations" time="0.0" classname="supportLiberaries.TestCaseBase">
    <ignored/>
  </testcase> <!-- @BeforeSuite reportInitializations -->
  <testcase name="@BeforeSuite reportInitializations" time="0.0" classname="supportLiberaries.TestCaseBase">
    <ignored/>
  </testcase> <!-- @BeforeSuite reportInitializations -->
  <testcase name="@BeforeTest initializations" time="0.0" classname="supportLiberaries.TestCaseBase">
    <ignored/>
  </testcase> <!-- @BeforeTest initializations -->
  <testcase name="@BeforeTest initializations" time="0.0" classname="supportLiberaries.TestCaseBase">
    <ignored/>
  </testcase> <!-- @BeforeTest initializations -->
</testsuite> <!-- Test-Chrome -->
