<?xml version="1.0" encoding="UTF-8"?>
<!-- Generated by org.testng.reporters.JUnitXMLReporter -->
<testsuite hostname="WIN-K344N9L8257" ignored="9" name="Test-Chrome" tests="4" failures="1" timestamp="25 Jul 2018 10:04:08 GMT" time="48.016" errors="0">
  <testcase name="runTC_04_Login_Twitter_Checking_Headers" time="14.004" classname="testScripts.TWITTER.TC_04_Login_Twitter_Checking_Headers">
    <failure type="java.lang.AssertionError" message="The following asserts failed:
	expected [true] but found [false]">
      <![CDATA[java.lang.AssertionError: The following asserts failed:
expected [true] but found [false]
at testScripts.TWITTER.TC_04_Login_Twitter_Checking_Headers.runTC_04_Login_Twitter_Checking_Headers(TC_04_Login_Twitter_Checking_Headers.java:20)
... Removed 26 stack frames]]>
    </failure>
  </testcase> <!-- runTC_04_Login_Twitter_Checking_Headers -->
  <testcase name="runTC_01_Login_FreeCRM" time="4.429" classname="testScripts.FREE_CRM.TC_01_Login_FreeCRM"/>
  <testcase name="runTC_11_GET_Twitter_oAuth_Latest_Tweet" time="1.873" classname="testScripts.TWITTER.TC_11_GET_Twitter_oAuth_Latest_Tweet"/>
  <testcase name="runTC_02_Login_FreeCRM_HomePage" time="7.218" classname="testScripts.FREE_CRM.TC_02_Login_FreeCRM_HomePage"/>
  <testcase name="@AfterSuite windUp" time="0.0" classname="supportLiberaries.TestCaseBase">
    <ignored/>
  </testcase> <!-- @AfterSuite windUp -->
  <testcase name="@AfterSuite windUp" time="0.0" classname="supportLiberaries.TestCaseBase">
    <ignored/>
  </testcase> <!-- @AfterSuite windUp -->
  <testcase name="@AfterSuite windUp" time="0.0" classname="supportLiberaries.TestCaseBase">
    <ignored/>
  </testcase> <!-- @AfterSuite windUp -->
  <testcase name="@AfterTest wrapUp" time="0.0" classname="supportLiberaries.TestCaseBase">
    <ignored/>
  </testcase> <!-- @AfterTest wrapUp -->
  <testcase name="@AfterTest wrapUp" time="0.0" classname="supportLiberaries.TestCaseBase">
    <ignored/>
  </testcase> <!-- @AfterTest wrapUp -->
  <testcase name="@AfterTest wrapUp" time="0.0" classname="supportLiberaries.TestCaseBase">
    <ignored/>
  </testcase> <!-- @AfterTest wrapUp -->
  <testcase name="@BeforeSuite initializations" time="0.0" classname="supportLiberaries.TestCaseBase">
    <ignored/>
  </testcase> <!-- @BeforeSuite initializations -->
  <testcase name="@BeforeSuite initializations" time="0.0" classname="supportLiberaries.TestCaseBase">
    <ignored/>
  </testcase> <!-- @BeforeSuite initializations -->
  <testcase name="@BeforeSuite initializations" time="0.0" classname="supportLiberaries.TestCaseBase">
    <ignored/>
  </testcase> <!-- @BeforeSuite initializations -->
</testsuite> <!-- Test-Chrome -->
