<?xml version="1.0" encoding="UTF-8"?>
<!-- Generated by org.testng.reporters.JUnitReportReporter -->
<testsuite skipped="0" hostname="Dell-PC" name="testScripts.TWITTER.RA4" tests="2" failures="0" timestamp="22 Jul 2018 18:49:29 GMT" time="11.450" errors="0">
  <testcase name="getLatestTweet" time="1.533" classname="testScripts.TWITTER.RA4"/>
  <testcase name="createTweet" time="9.917" classname="testScripts.TWITTER.RA4"/>
</testsuite> <!-- testScripts.TWITTER.RA4 -->
