<?xml version="1.0" encoding="UTF-8"?>
<!-- Generated by org.testng.reporters.JUnitReportReporter -->
<testsuite skipped="0" hostname="WIN-K344N9L8257" name="testScripts.BASIC_SANITY_TEST.TC13_Sanity_Test_For_SIGMA_OM_Admin" tests="1" failures="0" timestamp="09 Aug 2018 11:30:50 GMT" time="78.298" errors="0">
  <testcase name="Testing_TC13_Sanity_Test_For_SIGMA_OM_Admin" time="78.298" classname="testScripts.BASIC_SANITY_TEST.TC13_Sanity_Test_For_SIGMA_OM_Admin"/>
</testsuite> <!-- testScripts.BASIC_SANITY_TEST.TC13_Sanity_Test_For_SIGMA_OM_Admin -->
