<?xml version="1.0" encoding="UTF-8"?>
<!-- Generated by org.testng.reporters.JUnitReportReporter -->
<testsuite skipped="0" hostname="WIN-K344N9L8257" name="testScripts.BASIC_SANITY_TEST.TC09_Sanity_Test_For_SIGMA_OM_Sigma_Admin" tests="1" failures="0" timestamp="09 Aug 2018 11:48:45 GMT" time="17.337" errors="0">
  <testcase name="Testing_TC09_Sanity_Test_For_SIGMA_OM_Sigma_Admin" time="17.337" classname="testScripts.BASIC_SANITY_TEST.TC09_Sanity_Test_For_SIGMA_OM_Sigma_Admin"/>
</testsuite> <!-- testScripts.BASIC_SANITY_TEST.TC09_Sanity_Test_For_SIGMA_OM_Sigma_Admin -->
