<?xml version="1.0" encoding="UTF-8"?>
<!-- Generated by org.testng.reporters.JUnitReportReporter -->
<testsuite skipped="0" hostname="WIN-K344N9L8257" name="testScripts.FREE_CRM.TC_01_Login_FreeCRM" tests="1" failures="0" timestamp="25 Jul 2018 10:04:09 GMT" time="9.151" errors="0">
  <testcase name="runTC_01_Login_FreeCRM" time="9.151" classname="testScripts.FREE_CRM.TC_01_Login_FreeCRM"/>
</testsuite> <!-- testScripts.FREE_CRM.TC_01_Login_FreeCRM -->
