<?xml version="1.0" encoding="UTF-8"?>
<!-- Generated by org.testng.reporters.JUnitReportReporter -->
<testsuite skipped="0" hostname="WIN-K344N9L8257" name="testScripts.SMOKE.TC11_Sanity_Test_For_SIGMA_OM_Designer" tests="1" failures="0" timestamp="31 Aug 2018 07:49:37 GMT" time="24.638" errors="0">
  <testcase name="Testing_TC11_Sanity_Test_For_SIGMA_OM_Designer" time="24.638" classname="testScripts.SMOKE.TC11_Sanity_Test_For_SIGMA_OM_Designer"/>
</testsuite> <!-- testScripts.SMOKE.TC11_Sanity_Test_For_SIGMA_OM_Designer -->
