<?xml version="1.0" encoding="UTF-8"?>
<!-- Generated by org.testng.reporters.JUnitReportReporter -->
<testsuite skipped="0" hostname="WIN-K344N9L8257" name="testScripts.TWITTER.TC_08_POST_Create_Place_Delete_Place" tests="1" failures="0" timestamp="24 Jul 2018 14:27:19 GMT" time="7.523" errors="0">
  <testcase name="runTC_08_POST_Create_Place_Delete_Place" time="7.523" classname="testScripts.TWITTER.TC_08_POST_Create_Place_Delete_Place"/>
</testsuite> <!-- testScripts.TWITTER.TC_08_POST_Create_Place_Delete_Place -->
