<?xml version="1.0" encoding="UTF-8"?>
<!-- Generated by org.testng.reporters.JUnitReportReporter -->
<testsuite skipped="0" hostname="WIN-K344N9L8257" name="testScripts.TWITTER.TC_04_Login_Twitter_Checking_Headers" tests="1" failures="0" timestamp="31 Jul 2018 14:14:16 GMT" time="15.963" errors="0">
  <testcase name="TEST_TC_04_Login_Twitter_Checking_Headers" time="15.963" classname="testScripts.TWITTER.TC_04_Login_Twitter_Checking_Headers"/>
</testsuite> <!-- testScripts.TWITTER.TC_04_Login_Twitter_Checking_Headers -->
