<?xml version="1.0" encoding="UTF-8"?>
<!-- Generated by org.testng.reporters.JUnitReportReporter -->
<testsuite skipped="0" hostname="WIN-K344N9L8257" name="testScripts.SANITY.TC01_Sanity_Test_For_SIGMA_CPQ_Standalone" tests="1" failures="0" timestamp="31 Aug 2018 07:18:44 GMT" time="29.129" errors="0">
  <testcase name="Testing_TC01_Sanity_Test_For_SIGMA_CPQ_Standalone" time="29.129" classname="testScripts.SANITY.TC01_Sanity_Test_For_SIGMA_CPQ_Standalone"/>
</testsuite> <!-- testScripts.SANITY.TC01_Sanity_Test_For_SIGMA_CPQ_Standalone -->
