<?xml version="1.0" encoding="UTF-8"?>
<!-- Generated by org.testng.reporters.JUnitReportReporter -->
<testsuite skipped="0" hostname="WIN-K344N9L8257" name="testScripts.FREE_CRM.TC_02_Login_FreeCRM_HomePage" tests="1" failures="0" timestamp="24 Jul 2018 13:00:16 GMT" time="13.818" errors="0">
  <testcase name="runTC_02_Login_FreeCRM_HomePage" time="13.818" classname="testScripts.FREE_CRM.TC_02_Login_FreeCRM_HomePage"/>
</testsuite> <!-- testScripts.FREE_CRM.TC_02_Login_FreeCRM_HomePage -->
