<?xml version="1.0" encoding="UTF-8"?>
<!-- Generated by org.testng.reporters.JUnitReportReporter -->
<testsuite skipped="0" hostname="WIN-K344N9L8257" name="testScripts.TWITTER.TC_08_POST_Create_Place_Delete_Place" tests="1" failures="0" timestamp="26 Jul 2018 14:22:43 GMT" time="78.221" errors="0">
  <testcase name="runTC_08_POST_Create_Place_Delete_Place" time="78.221" classname="testScripts.TWITTER.TC_08_POST_Create_Place_Delete_Place"/>
</testsuite> <!-- testScripts.TWITTER.TC_08_POST_Create_Place_Delete_Place -->
