<?xml version="1.0" encoding="UTF-8"?>
<!-- Generated by org.testng.reporters.JUnitReportReporter -->
<testsuite skipped="0" hostname="Dell-PC" name="testScripts.TWITTER.TC_03_Login_Twitter" tests="1" failures="0" timestamp="18 Jul 2018 06:15:31 GMT" time="18.687" errors="0">
  <testcase name="runTC_03_Login_Twitter" time="18.687" classname="testScripts.TWITTER.TC_03_Login_Twitter"/>
</testsuite> <!-- testScripts.TWITTER.TC_03_Login_Twitter -->
