<?xml version="1.0" encoding="UTF-8"?>
<!-- Generated by org.testng.reporters.JUnitReportReporter -->
<testsuite skipped="0" hostname="WIN-K344N9L8257" name="testScripts.TWITTER.TC_09_GET_Getting_Response_Without_Parameters_ReqRes" tests="1" failures="0" timestamp="24 Jul 2018 09:54:25 GMT" time="141.557" errors="0">
  <testcase name="runTC_09_GET_Getting_Response_Without_Parameters_ReqRes" time="141.557" classname="testScripts.TWITTER.TC_09_GET_Getting_Response_Without_Parameters_ReqRes"/>
</testsuite> <!-- testScripts.TWITTER.TC_09_GET_Getting_Response_Without_Parameters_ReqRes -->
