<?xml version="1.0" encoding="UTF-8"?>
<!-- Generated by org.testng.reporters.JUnitReportReporter -->
<testsuite skipped="0" hostname="WIN-K344N9L8257" name="bdd.TestRunner.TestRunner_SMOKE" tests="1" failures="0" timestamp="13 Sep 2018 13:33:06 GMT" time="15.496" errors="0">
  <testcase name="feature" time="15.496" classname="bdd.TestRunner.TestRunner_SMOKE"/>
</testsuite> <!-- bdd.TestRunner.TestRunner_SMOKE -->
