<?xml version="1.0" encoding="UTF-8"?>
<!-- Generated by org.testng.reporters.JUnitReportReporter -->
<testsuite skipped="0" hostname="WIN-K344N9L8257" name="testScripts.SANITY.TC14_Sanity_Test_For_NOKIA_PnA_Instant_Link" tests="1" failures="0" timestamp="31 Aug 2018 07:18:44 GMT" time="40.209" errors="0">
  <testcase name="Testing_TC14_Sanity_Test_For_NOKIA_PnA_Instant_Link" time="40.209" classname="testScripts.SANITY.TC14_Sanity_Test_For_NOKIA_PnA_Instant_Link"/>
</testsuite> <!-- testScripts.SANITY.TC14_Sanity_Test_For_NOKIA_PnA_Instant_Link -->
