<?xml version="1.0" encoding="UTF-8"?>
<!-- Generated by org.testng.reporters.JUnitReportReporter -->
<testsuite skipped="0" hostname="WIN-K344N9L8257" name="testScripts.SANITY.TC17_Sanity_Test_For_NOKIA_Service_Catalogue" tests="1" failures="0" timestamp="31 Aug 2018 07:18:44 GMT" time="13.588" errors="0">
  <testcase name="Testing_TC17_Sanity_Test_For_NOKIA_Service_Catalogue" time="13.588" classname="testScripts.SANITY.TC17_Sanity_Test_For_NOKIA_Service_Catalogue"/>
</testsuite> <!-- testScripts.SANITY.TC17_Sanity_Test_For_NOKIA_Service_Catalogue -->
