<?xml version="1.0" encoding="UTF-8"?>
<!-- Generated by org.testng.reporters.JUnitReportReporter -->
<testsuite skipped="0" hostname="WIN-K344N9L8257" name="testScripts.TWITTER.TC_03_Login_Twitter" tests="1" failures="0" timestamp="11 Oct 2018 08:06:03 GMT" time="7.176" errors="0">
  <testcase name="runTC_03_Login_Twitter" time="7.176" classname="testScripts.TWITTER.TC_03_Login_Twitter"/>
</testsuite> <!-- testScripts.TWITTER.TC_03_Login_Twitter -->
