<?xml version="1.0" encoding="UTF-8"?>
<!-- Generated by org.testng.reporters.JUnitReportReporter -->
<testsuite skipped="0" hostname="WIN-K344N9L8257" name="testScripts.BASIC_SANITY_TEST.TC04_Sanity_Test_For_SIGMA_Catalogue" tests="1" failures="0" timestamp="31 Jul 2018 13:01:54 GMT" time="12.384" errors="0">
  <testcase name="Testing_TC04_Sanity_Test_For_SIGMA_Catalogue" time="12.384" classname="testScripts.BASIC_SANITY_TEST.TC04_Sanity_Test_For_SIGMA_Catalogue"/>
</testsuite> <!-- testScripts.BASIC_SANITY_TEST.TC04_Sanity_Test_For_SIGMA_Catalogue -->
