<?xml version="1.0" encoding="UTF-8"?>
<!-- Generated by org.testng.reporters.JUnitReportReporter -->
<testsuite skipped="0" hostname="Dell-PC" name="testScripts.TWITTER.TC_11_GET_Twitter_oAuth_Latest_Tweet" tests="1" failures="0" timestamp="22 Jul 2018 19:38:42 GMT" time="10.883" errors="0">
  <testcase name="runTC_11_GET_Twitter_oAuth_Latest_Tweet" time="10.883" classname="testScripts.TWITTER.TC_11_GET_Twitter_oAuth_Latest_Tweet"/>
</testsuite> <!-- testScripts.TWITTER.TC_11_GET_Twitter_oAuth_Latest_Tweet -->
