<?xml version="1.0" encoding="UTF-8"?>
<!-- Generated by org.testng.reporters.JUnitReportReporter -->
<testsuite skipped="0" hostname="Dell-PC" name="testScripts.MODULE_2.RA4" tests="2" failures="0" timestamp="17 Jul 2018 18:21:15 GMT" time="5.285" errors="0">
  <testcase name="getLatestTweet" time="0.861" classname="testScripts.MODULE_2.RA4"/>
  <testcase name="createTweet" time="4.424" classname="testScripts.MODULE_2.RA4"/>
</testsuite> <!-- testScripts.MODULE_2.RA4 -->
