<?xml version="1.0" encoding="UTF-8"?>
<!-- Generated by org.testng.reporters.JUnitReportReporter -->
<testsuite skipped="0" hostname="WIN-K344N9L8257" name="testScripts.FREE_CRM.TC_01_Login_FreeCRM" tests="1" failures="0" timestamp="26 Jul 2018 10:43:42 GMT" time="11.814" errors="0">
  <testcase name="TC_01_Login_FreeCRM" time="11.814" classname="testScripts.FREE_CRM.TC_01_Login_FreeCRM"/>
</testsuite> <!-- testScripts.FREE_CRM.TC_01_Login_FreeCRM -->
