<?xml version="1.0" encoding="UTF-8"?>
<!-- Generated by org.testng.reporters.JUnitReportReporter -->
<testsuite skipped="0" hostname="WIN-K344N9L8257" name="testScripts.FREE_CRM.TC_01_Login_FreeCRM" tests="3" failures="0" timestamp="27 Jul 2018 11:46:49 GMT" time="19.160" errors="0">
  <testcase name="tC_01_Login_FreeCRM" time="8.000" classname="testScripts.FREE_CRM.TC_01_Login_FreeCRM"/>
  <testcase name="tC_01_Login_FreeCRM" time="5.050" classname="testScripts.FREE_CRM.TC_01_Login_FreeCRM"/>
  <testcase name="tC_01_Login_FreeCRM" time="6.110" classname="testScripts.FREE_CRM.TC_01_Login_FreeCRM"/>
</testsuite> <!-- testScripts.FREE_CRM.TC_01_Login_FreeCRM -->
