<?xml version="1.0" encoding="UTF-8"?>
<!-- Generated by org.testng.reporters.JUnitReportReporter -->
<testsuite skipped="0" hostname="WIN-K344N9L8257" name="testScripts.BASIC_SANITY_TEST.TC22_Sanity_Test_For_NOKIA_PnA_Workflow_Client" tests="1" failures="0" timestamp="20 Aug 2018 07:42:54 GMT" time="29.214" errors="0">
  <testcase name="Testing_TC22_Sanity_Test_For_NOKIA_PnA_Workflow_Client" time="29.214" classname="testScripts.BASIC_SANITY_TEST.TC22_Sanity_Test_For_NOKIA_PnA_Workflow_Client"/>
</testsuite> <!-- testScripts.BASIC_SANITY_TEST.TC22_Sanity_Test_For_NOKIA_PnA_Workflow_Client -->
