<?xml version="1.0" encoding="UTF-8"?>
<!-- Generated by org.testng.reporters.JUnitReportReporter -->
<testsuite skipped="0" hostname="Dell-PC" name="testScripts.MODULE_2.RA1" tests="1" failures="0" timestamp="14 Jul 2018 08:27:04 GMT" time="6.926" errors="0">
  <testcase name="validatingGet" time="6.926" classname="testScripts.MODULE_2.RA1"/>
</testsuite> <!-- testScripts.MODULE_2.RA1 -->
