<?xml version="1.0" encoding="UTF-8"?>
<!-- Generated by org.testng.reporters.JUnitReportReporter -->
<testsuite skipped="0" hostname="WIN-K344N9L8257" name="testScripts.TWITTER.TC_05_GET_Google_Search_Place" tests="1" failures="0" timestamp="31 Aug 2018 07:03:05 GMT" time="117.793" errors="0">
  <testcase name="runTC_05_GET_Google_Search_Place" time="117.793" classname="testScripts.TWITTER.TC_05_GET_Google_Search_Place"/>
</testsuite> <!-- testScripts.TWITTER.TC_05_GET_Google_Search_Place -->
