<?xml version="1.0" encoding="UTF-8"?>
<!-- Generated by org.testng.reporters.JUnitReportReporter -->
<testsuite skipped="0" hostname="Dell-PC" name="testScripts.FREE_CRM.TC_01_Login_FreeCRM" tests="1" failures="0" timestamp="20 Jul 2018 02:06:42 GMT" time="143.126" errors="0">
  <testcase name="runTC_01_Login_FreeCRM" time="143.126" classname="testScripts.FREE_CRM.TC_01_Login_FreeCRM"/>
</testsuite> <!-- testScripts.FREE_CRM.TC_01_Login_FreeCRM -->
