<?xml version="1.0" encoding="UTF-8"?>
<!-- Generated by org.testng.reporters.JUnitReportReporter -->
<testsuite skipped="0" hostname="WIN-K344N9L8257" name="testScripts.FREE_CRM.TC_01_Login_FreeCRM" tests="3" failures="0" timestamp="03 Aug 2018 09:49:08 GMT" time="30.331" errors="0">
  <testcase name="tC_01_Login_FreeCRM" time="8.670" classname="testScripts.FREE_CRM.TC_01_Login_FreeCRM"/>
  <testcase name="tC_01_Login_FreeCRM" time="13.078" classname="testScripts.FREE_CRM.TC_01_Login_FreeCRM"/>
  <testcase name="tC_01_Login_FreeCRM" time="8.583" classname="testScripts.FREE_CRM.TC_01_Login_FreeCRM"/>
</testsuite> <!-- testScripts.FREE_CRM.TC_01_Login_FreeCRM -->
