<?xml version="1.0" encoding="UTF-8"?>
<!-- Generated by org.testng.reporters.JUnitReportReporter -->
<testsuite skipped="0" hostname="WIN-K344N9L8257" name="testScripts.SMOKE.TC13_Sanity_Test_For_SIGMA_OM_Admin" tests="1" failures="0" timestamp="31 Aug 2018 07:49:37 GMT" time="19.450" errors="0">
  <testcase name="Testing_TC13_Sanity_Test_For_SIGMA_OM_Admin" time="19.450" classname="testScripts.SMOKE.TC13_Sanity_Test_For_SIGMA_OM_Admin"/>
</testsuite> <!-- testScripts.SMOKE.TC13_Sanity_Test_For_SIGMA_OM_Admin -->
