<?xml version="1.0" encoding="UTF-8"?>
<!-- Generated by org.testng.reporters.JUnitReportReporter -->
<testsuite skipped="0" hostname="WIN-K344N9L8257" name="testScripts.TWITTER.NewTest" tests="5" failures="0" timestamp="27 Jul 2018 04:37:12 GMT" time="0.017" errors="0">
  <testcase name="f" time="0.001" classname="testScripts.TWITTER.NewTest"/>
  <testcase name="f" time="0.001" classname="testScripts.TWITTER.NewTest"/>
  <testcase name="f" time="0.003" classname="testScripts.TWITTER.NewTest"/>
  <testcase name="f" time="0.005" classname="testScripts.TWITTER.NewTest"/>
  <testcase name="f" time="0.007" classname="testScripts.TWITTER.NewTest"/>
</testsuite> <!-- testScripts.TWITTER.NewTest -->
