<?xml version="1.0" encoding="UTF-8"?>
<!-- Generated by org.testng.reporters.JUnitReportReporter -->
<testsuite skipped="0" hostname="WIN-K344N9L8257" name="testScripts.SANITY.TC01_Sanity_Test_For_SIGMA_CPQ_Standalone" tests="2" failures="0" timestamp="07 Sep 2018 12:59:58 GMT" time="10.293" errors="0">
  <testcase name="Testing_TC01_Sanity_Test_For_SIGMA_CPQ_Standalone" time="3.704" classname="testScripts.SANITY.TC01_Sanity_Test_For_SIGMA_CPQ_Standalone"/>
  <testcase name="Testing_TC01_Sanity_Test_For_SIGMA_CPQ_Standalone" time="6.589" classname="testScripts.SANITY.TC01_Sanity_Test_For_SIGMA_CPQ_Standalone"/>
</testsuite> <!-- testScripts.SANITY.TC01_Sanity_Test_For_SIGMA_CPQ_Standalone -->
