<?xml version="1.0" encoding="UTF-8"?>
<!-- Generated by org.testng.reporters.JUnitReportReporter -->
<testsuite skipped="0" hostname="WIN-K344N9L8257" name="testScripts.BASIC_SANITY_TEST.TC03_Sanity_Test_For_SIGMA_CPQ_Salesforce_Website_Login" tests="1" failures="0" timestamp="31 Jul 2018 13:01:35 GMT" time="12.532" errors="0">
  <testcase name="Testing_TC03_Sanity_Test_For_SIGMA_CPQ_Salesforce_Website_Login" time="12.532" classname="testScripts.BASIC_SANITY_TEST.TC03_Sanity_Test_For_SIGMA_CPQ_Salesforce_Website_Login"/>
</testsuite> <!-- testScripts.BASIC_SANITY_TEST.TC03_Sanity_Test_For_SIGMA_CPQ_Salesforce_Website_Login -->
