<?xml version="1.0" encoding="UTF-8"?>
<!-- Generated by org.testng.reporters.JUnitReportReporter -->
<testsuite skipped="0" hostname="WIN-K344N9L8257" name="testScripts.SANITY.TC03_Sanity_Test_For_SIGMA_CPQ_Salesforce_Website_Login" tests="1" failures="0" timestamp="11 Sep 2018 10:15:06 GMT" time="19.409" errors="0">
  <testcase name="Testing_TC03_Sanity_Test_For_SIGMA_CPQ_Salesforce_Website_Login" time="19.409" classname="testScripts.SANITY.TC03_Sanity_Test_For_SIGMA_CPQ_Salesforce_Website_Login"/>
</testsuite> <!-- testScripts.SANITY.TC03_Sanity_Test_For_SIGMA_CPQ_Salesforce_Website_Login -->
