<?xml version="1.0" encoding="UTF-8"?>
<!-- Generated by org.testng.reporters.JUnitReportReporter -->
<testsuite skipped="0" hostname="Dell-PC" name="testScripts.TWITTER.TC_08_GET_Getting_Response_With_Parameters_ReqRes" tests="1" failures="0" timestamp="21 Jul 2018 10:20:00 GMT" time="176.535" errors="0">
  <testcase name="runTC_08_GET_Getting_Response_With_Parameters_ReqRes" time="176.535" classname="testScripts.TWITTER.TC_08_GET_Getting_Response_With_Parameters_ReqRes"/>
</testsuite> <!-- testScripts.TWITTER.TC_08_GET_Getting_Response_With_Parameters_ReqRes -->
