<?xml version="1.0" encoding="UTF-8"?>
<!-- Generated by org.testng.reporters.JUnitReportReporter -->
<testsuite skipped="0" hostname="WIN-K344N9L8257" name="testScripts.SANITY.TC01_Sanity_Test_For_SIGMA_CPQ_Standalone" tests="3" failures="0" timestamp="10 Sep 2018 05:53:36 GMT" time="58.737" errors="0">
  <testcase name="Testing_TC01_Sanity_Test_For_SIGMA_CPQ_Standalone" time="20.134" classname="testScripts.SANITY.TC01_Sanity_Test_For_SIGMA_CPQ_Standalone"/>
  <testcase name="Testing_TC01_Sanity_Test_For_SIGMA_CPQ_Standalone" time="17.990" classname="testScripts.SANITY.TC01_Sanity_Test_For_SIGMA_CPQ_Standalone"/>
  <testcase name="Testing_TC01_Sanity_Test_For_SIGMA_CPQ_Standalone" time="20.613" classname="testScripts.SANITY.TC01_Sanity_Test_For_SIGMA_CPQ_Standalone"/>
</testsuite> <!-- testScripts.SANITY.TC01_Sanity_Test_For_SIGMA_CPQ_Standalone -->
