<?xml version="1.0" encoding="UTF-8"?>
<!-- Generated by org.testng.reporters.JUnitReportReporter -->
<testsuite skipped="0" hostname="WIN-K344N9L8257" name="testScripts.BASIC_SANITY_TEST.TC17_Sanity_Test_For_NOKIA_Service_Catalogue" tests="1" failures="0" timestamp="20 Aug 2018 10:23:17 GMT" time="60.576" errors="0">
  <testcase name="Testing_TC17_Sanity_Test_For_NOKIA_Service_Catalogue" time="60.576" classname="testScripts.BASIC_SANITY_TEST.TC17_Sanity_Test_For_NOKIA_Service_Catalogue"/>
</testsuite> <!-- testScripts.BASIC_SANITY_TEST.TC17_Sanity_Test_For_NOKIA_Service_Catalogue -->
