<?xml version="1.0" encoding="UTF-8"?>
<!-- Generated by org.testng.reporters.JUnitReportReporter -->
<testsuite skipped="0" hostname="Dell-PC" name="testScripts.MODULE_2.RA3" tests="2" failures="0" timestamp="17 Jul 2018 17:20:39 GMT" time="7.777" errors="0">
  <testcase name="createPlace_Test" time="7.235" classname="testScripts.MODULE_2.RA3"/>
  <testcase name="deletePlace_Test" time="0.542" classname="testScripts.MODULE_2.RA3"/>
</testsuite> <!-- testScripts.MODULE_2.RA3 -->
