<?xml version="1.0" encoding="UTF-8"?>
<!-- Generated by org.testng.reporters.JUnitReportReporter -->
<testsuite skipped="0" hostname="WIN-K344N9L8257" name="testScripts.BASIC_SANITY_TEST.TC23_Sanity_Test_For_IDAM" tests="1" failures="0" timestamp="20 Aug 2018 10:02:43 GMT" time="10.243" errors="0">
  <testcase name="Testing_TC23_Sanity_Test_For_IDAM" time="10.243" classname="testScripts.BASIC_SANITY_TEST.TC23_Sanity_Test_For_IDAM"/>
</testsuite> <!-- testScripts.BASIC_SANITY_TEST.TC23_Sanity_Test_For_IDAM -->
