<?xml version="1.0" encoding="UTF-8"?>
<!-- Generated by org.testng.reporters.JUnitReportReporter -->
<testsuite skipped="0" hostname="WIN-K344N9L8257" name="testScripts.TWITTER.RA1" tests="1" failures="0" timestamp="24 Jul 2018 09:43:34 GMT" time="2.767" errors="0">
  <testcase name="validatingGet" time="2.767" classname="testScripts.TWITTER.RA1"/>
</testsuite> <!-- testScripts.TWITTER.RA1 -->
