<?xml version="1.0" encoding="UTF-8"?>
<!-- Generated by org.testng.reporters.JUnitReportReporter -->
<testsuite skipped="0" hostname="WIN-K344N9L8257" name="testScripts.BASIC_SANITY_TEST.TC14_Sanity_Test_For_NOKIA_PnA_Instant_Link" tests="1" failures="0" timestamp="20 Aug 2018 07:39:32 GMT" time="58.851" errors="0">
  <testcase name="Testing_TC14_Sanity_Test_For_NOKIA_PnA_Instant_Link" time="58.851" classname="testScripts.BASIC_SANITY_TEST.TC14_Sanity_Test_For_NOKIA_PnA_Instant_Link"/>
</testsuite> <!-- testScripts.BASIC_SANITY_TEST.TC14_Sanity_Test_For_NOKIA_PnA_Instant_Link -->
