<?xml version="1.0" encoding="UTF-8"?>
<!-- Generated by org.testng.reporters.JUnitReportReporter -->
<testsuite skipped="0" hostname="WIN-K344N9L8257" name="testScripts.TWITTER.TC_11_GET_Twitter_oAuth_Latest_Tweet" tests="1" failures="0" timestamp="25 Jul 2018 12:33:48 GMT" time="7.478" errors="0">
  <testcase name="runTC_11_GET_Twitter_oAuth_Latest_Tweet" time="7.478" classname="testScripts.TWITTER.TC_11_GET_Twitter_oAuth_Latest_Tweet"/>
</testsuite> <!-- testScripts.TWITTER.TC_11_GET_Twitter_oAuth_Latest_Tweet -->
