<?xml version="1.0" encoding="UTF-8"?>
<!-- Generated by org.testng.reporters.JUnitReportReporter -->
<testsuite skipped="0" hostname="Dell-PC" name="testScripts.FREE_CRM.TC_01_Login_FreeCRM" tests="1" failures="0" timestamp="23 Jul 2018 20:19:36 GMT" time="166.617" errors="0">
  <testcase name="runTC_01_Login_FreeCRM" time="166.617" classname="testScripts.FREE_CRM.TC_01_Login_FreeCRM"/>
</testsuite> <!-- testScripts.FREE_CRM.TC_01_Login_FreeCRM -->
