<?xml version="1.0" encoding="UTF-8"?>
<!-- Generated by org.testng.reporters.JUnitReportReporter -->
<testsuite skipped="0" hostname="WIN-K344N9L8257" name="testScripts.BASIC_SANITY_TEST.TC04_Sanity_Test_For_SIGMA_Catalogue" tests="1" failures="0" timestamp="09 Aug 2018 12:20:33 GMT" time="43.361" errors="0">
  <testcase name="Testing_TC04_Sanity_Test_For_SIGMA_Catalogue" time="43.361" classname="testScripts.BASIC_SANITY_TEST.TC04_Sanity_Test_For_SIGMA_Catalogue"/>
</testsuite> <!-- testScripts.BASIC_SANITY_TEST.TC04_Sanity_Test_For_SIGMA_Catalogue -->
