<?xml version="1.0" encoding="UTF-8"?>
<!-- Generated by org.testng.reporters.JUnitReportReporter -->
<testsuite skipped="0" hostname="Dell-PC" name="testScripts.TWITTER.TC_05_GET_Google_Search_Place" tests="1" failures="0" timestamp="22 Jul 2018 10:37:16 GMT" time="337.662" errors="0">
  <testcase name="runTC_05_GET_Google_Search_Place" time="337.662" classname="testScripts.TWITTER.TC_05_GET_Google_Search_Place"/>
</testsuite> <!-- testScripts.TWITTER.TC_05_GET_Google_Search_Place -->
