<?xml version="1.0" encoding="UTF-8"?>
<!-- Generated by org.testng.reporters.JUnitReportReporter -->
<testsuite skipped="0" hostname="Dell-PC" name="testScripts.FREE_CRM.TC_02_Login_FreeCRM_HomePage" tests="1" failures="0" timestamp="20 Jul 2018 02:07:45 GMT" time="14.633" errors="0">
  <testcase name="runTC_02_Login_FreeCRM_HomePage" time="14.633" classname="testScripts.FREE_CRM.TC_02_Login_FreeCRM_HomePage"/>
</testsuite> <!-- testScripts.FREE_CRM.TC_02_Login_FreeCRM_HomePage -->
