<?xml version="1.0" encoding="UTF-8"?>
<!-- Generated by org.testng.reporters.JUnitReportReporter -->
<testsuite skipped="0" hostname="Dell-PC" name="testScripts.FREE_CRM.TC_01_Login_FreeCRM" tests="1" failures="0" timestamp="18 Jul 2018 06:08:59 GMT" time="28.660" errors="0">
  <testcase name="runTC_01_Login_FreeCRM" time="28.660" classname="testScripts.FREE_CRM.TC_01_Login_FreeCRM"/>
</testsuite> <!-- testScripts.FREE_CRM.TC_01_Login_FreeCRM -->
