<?xml version="1.0" encoding="UTF-8"?>
<!-- Generated by org.testng.reporters.JUnitReportReporter -->
<testsuite skipped="0" hostname="WIN-K344N9L8257" name="testScripts.BASIC_SANITY_TEST.TC11_Sanity_Test_For_SIGMA_OM_Designer" tests="1" failures="0" timestamp="09 Aug 2018 11:49:12 GMT" time="16.067" errors="0">
  <testcase name="Testing_TC11_Sanity_Test_For_SIGMA_OM_Designer" time="16.067" classname="testScripts.BASIC_SANITY_TEST.TC11_Sanity_Test_For_SIGMA_OM_Designer"/>
</testsuite> <!-- testScripts.BASIC_SANITY_TEST.TC11_Sanity_Test_For_SIGMA_OM_Designer -->
