<?xml version="1.0" encoding="UTF-8"?>
<!-- Generated by org.testng.reporters.JUnitReportReporter -->
<testsuite skipped="0" hostname="WIN-K344N9L8257" name="testScripts.BASIC_SANITY_TEST.TC01_Sanity_Test_For_SIGMA_CPQ_Standalone" tests="1" failures="0" timestamp="09 Aug 2018 06:48:19 GMT" time="13.531" errors="0">
  <testcase name="Testing_TC01_Sanity_Test_For_SIGMA_CPQ_Standalone" time="13.531" classname="testScripts.BASIC_SANITY_TEST.TC01_Sanity_Test_For_SIGMA_CPQ_Standalone"/>
</testsuite> <!-- testScripts.BASIC_SANITY_TEST.TC01_Sanity_Test_For_SIGMA_CPQ_Standalone -->
