<?xml version="1.0" encoding="UTF-8"?>
<!-- Generated by org.testng.reporters.JUnitReportReporter -->
<testsuite skipped="0" hostname="WIN-K344N9L8257" name="testScripts.TWITTER.TC_03_Login_Twitter" tests="1" failures="0" timestamp="27 Aug 2018 13:30:18 GMT" time="204.959" errors="0">
  <testcase name="runTC_03_Login_Twitter" time="204.959" classname="testScripts.TWITTER.TC_03_Login_Twitter"/>
</testsuite> <!-- testScripts.TWITTER.TC_03_Login_Twitter -->
