<?xml version="1.0" encoding="UTF-8"?>
<!-- Generated by org.testng.reporters.JUnitReportReporter -->
<testsuite skipped="0" hostname="Dell-PC" name="testScripts.TWITTER.TC_09_GET_Getting_Response_Without_Parameters_ReqRes" tests="1" failures="0" timestamp="23 Jul 2018 20:35:07 GMT" time="47.523" errors="0">
  <testcase name="runTC_09_GET_Getting_Response_Without_Parameters_ReqRes" time="47.523" classname="testScripts.TWITTER.TC_09_GET_Getting_Response_Without_Parameters_ReqRes"/>
</testsuite> <!-- testScripts.TWITTER.TC_09_GET_Getting_Response_Without_Parameters_ReqRes -->
