<?xml version="1.0" encoding="UTF-8"?>
<!-- Generated by org.testng.reporters.JUnitReportReporter -->
<testsuite skipped="0" hostname="WIN-K344N9L8257" name="testScripts.SANITY.TC23_Sanity_Test_For_IDAM" tests="1" failures="0" timestamp="11 Sep 2018 10:04:36 GMT" time="12.145" errors="0">
  <testcase name="Testing_TC23_Sanity_Test_For_IDAM" time="12.145" classname="testScripts.SANITY.TC23_Sanity_Test_For_IDAM"/>
</testsuite> <!-- testScripts.SANITY.TC23_Sanity_Test_For_IDAM -->
