<?xml version="1.0" encoding="UTF-8"?>
<!-- Generated by org.testng.reporters.JUnitReportReporter -->
<testsuite skipped="0" hostname="WIN-K344N9L8257" name="testScripts.BASIC_SANITY_TEST.TC12_Sanity_Test_For_SIGMA_OM_Runtime" tests="1" failures="0" timestamp="09 Aug 2018 11:31:29 GMT" time="15.716" errors="0">
  <testcase name="Testing_TC12_Sanity_Test_For_SIGMA_OM_Runtime" time="15.716" classname="testScripts.BASIC_SANITY_TEST.TC12_Sanity_Test_For_SIGMA_OM_Runtime"/>
</testsuite> <!-- testScripts.BASIC_SANITY_TEST.TC12_Sanity_Test_For_SIGMA_OM_Runtime -->
