<?xml version="1.0" encoding="UTF-8"?>
<!-- Generated by org.testng.reporters.JUnitXMLReporter -->
<testsuite hostname="WIN-K344N9L8257" ignored="0" name="Test-Chrome" tests="1" failures="0" timestamp="26 Jul 2018 07:43:03 GMT" time="11.477" errors="0">
  <testcase name="TC_01_Login_FreeCRM" time="4.956" classname="testScripts.FREE_CRM.TC_01_Login_FreeCRM"/>
</testsuite> <!-- Test-Chrome -->
