<?xml version="1.0" encoding="UTF-8"?>
<!-- Generated by org.testng.reporters.JUnitXMLReporter -->
<testsuite hostname="WIN-K344N9L8257" ignored="4" name="Test-Chrome" tests="4" failures="0" timestamp="31 Jul 2018 14:14:16 GMT" time="42.26" errors="0">
  <testcase name="tC_01_Login_FreeCRM" time="3.91" classname="testScripts.FREE_CRM.TC_01_Login_FreeCRM"/>
  <testcase name="tC_01_Login_FreeCRM" time="3.807" classname="testScripts.FREE_CRM.TC_01_Login_FreeCRM"/>
  <testcase name="tC_01_Login_FreeCRM" time="3.793" classname="testScripts.FREE_CRM.TC_01_Login_FreeCRM"/>
  <testcase name="TEST_TC_04_Login_Twitter_Checking_Headers" time="11.128" classname="testScripts.TWITTER.TC_04_Login_Twitter_Checking_Headers"/>
  <testcase name="@AfterSuite windUp" time="0.0" classname="supportLiberaries.TestCaseBase">
    <ignored/>
  </testcase> <!-- @AfterSuite windUp -->
  <testcase name="@AfterTest wrapUp" time="0.0" classname="supportLiberaries.TestCaseBase">
    <ignored/>
  </testcase> <!-- @AfterTest wrapUp -->
  <testcase name="@BeforeSuite reportInitializations" time="0.0" classname="supportLiberaries.TestCaseBase">
    <ignored/>
  </testcase> <!-- @BeforeSuite reportInitializations -->
  <testcase name="@BeforeTest initializations" time="0.0" classname="supportLiberaries.TestCaseBase">
    <ignored/>
  </testcase> <!-- @BeforeTest initializations -->
</testsuite> <!-- Test-Chrome -->
